<?xml version="1.0" encoding="UTF-8"?>
<!-- Generated by org.testng.reporters.JUnitReportReporter -->
<testsuite skipped="0" hostname="KEERTHI-PC" name="org.testngrevision.TestngParallel" tests="2" failures="0" timestamp="05 Feb 2023 13:07:43 GMT" time="40.570" errors="0">
  <testcase name="openGoogle" time="12.473" classname="org.testngrevision.TestngParallel"/>
  <testcase name="openFacebook" time="28.097" classname="org.testngrevision.TestngParallel"/>
</testsuite> <!-- org.testngrevision.TestngParallel -->
