<?xml version="1.0" encoding="UTF-8"?>
<!-- Generated by org.testng.reporters.JUnitReportReporter -->
<testsuite skipped="0" hostname="KEERTHI-PC" name="org.testngrevision.TestngBasics" tests="5" failures="0" timestamp="19 Nov 2022 12:54:50 GMT" time="34.793" errors="0">
  <testcase name="tc1" time="27.491" classname="org.testngrevision.TestngBasics"/>
  <testcase name="tc2" time="0.226" classname="org.testngrevision.TestngBasics"/>
  <testcase name="tc3" time="7.069" classname="org.testngrevision.TestngBasics"/>
  <testcase name="tc5" time="0.004" classname="org.testngrevision.TestngBasics"/>
  <testcase name="tc4" time="0.003" classname="org.testngrevision.TestngBasics"/>
</testsuite> <!-- org.testngrevision.TestngBasics -->
