<?xml version="1.0" encoding="UTF-8"?>
<!-- Generated by org.testng.reporters.JUnitReportReporter -->
<testsuite skipped="0" hostname="KEERTHI-PC" name="org.testngrevision.TestngSample" tests="5" failures="0" timestamp="27 Feb 2023 17:52:29 GMT" time="0.051" errors="0">
  <testcase name="signOut" time="0.004" classname="org.testngrevision.TestngSample"/>
  <testcase name="searchProduct" time="0.003" classname="org.testngrevision.TestngSample"/>
  <testcase name="signUp" time="0.037" classname="org.testngrevision.TestngSample"/>
  <testcase name="login" time="0.004" classname="org.testngrevision.TestngSample"/>
  <testcase name="addToCart" time="0.003" classname="org.testngrevision.TestngSample"/>
</testsuite> <!-- org.testngrevision.TestngSample -->
