<?xml version="1.0" encoding="UTF-8"?>
<!-- Generated by org.testng.reporters.JUnitReportReporter -->
<testsuite skipped="0" hostname="KEERTHI-PC" name="org.testngrevision.TestngGroups" tests="2" failures="0" timestamp="24 Feb 2023 05:03:36 GMT" time="0.043" errors="0">
  <testcase name="searchProduct" time="0.040" classname="org.testngrevision.TestngGroups"/>
  <testcase name="signUp" time="0.003" classname="org.testngrevision.TestngGroups"/>
</testsuite> <!-- org.testngrevision.TestngGroups -->
