<?xml version="1.0" encoding="UTF-8"?>
<!-- Generated by org.testng.reporters.JUnitReportReporter -->
<testsuite skipped="0" hostname="KEERTHI-PC" name="org.testngrevision.Sample" tests="1" failures="0" timestamp="23 Jan 2023 10:59:58 GMT" time="24.228" errors="0">
  <testcase name="googleSearch" time="24.228" classname="org.testngrevision.Sample"/>
</testsuite> <!-- org.testngrevision.Sample -->
