<?xml version="1.0" encoding="UTF-8"?>
<!-- Generated by org.testng.reporters.JUnitReportReporter -->
<testsuite skipped="0" hostname="KEERTHI-PC" name="org.testngrevision.CrossBrowser" tests="2" failures="0" timestamp="23 Jan 2023 13:16:13 GMT" time="30.629" errors="0">
  <testcase name="openBrowser" time="15.418" classname="org.testngrevision.CrossBrowser"/>
  <testcase name="openBrowser" time="15.211" classname="org.testngrevision.CrossBrowser"/>
</testsuite> <!-- org.testngrevision.CrossBrowser -->
