<?xml version="1.0" encoding="UTF-8"?>
<!-- Generated by org.testng.reporters.JUnitReportReporter -->
<testsuite skipped="0" hostname="KEERTHI-PC" name="org.revision.TestngParameter" tests="1" failures="0" timestamp="23 Jan 2023 11:12:32 GMT" time="17.910" errors="0">
  <testcase name="login" time="17.910" classname="org.revision.TestngParameter"/>
</testsuite> <!-- org.revision.TestngParameter -->
